<?xml version="1.0" encoding="UTF-8"?>
<!-- Generated by org.testng.reporters.JUnitXMLReporter -->
<testsuite hostname="ToanTranS-MacBook-Air.local" name="Run on Chrome" tests="1" failures="1" timestamp="14 Jul 2017 10:20:01 GMT" time="167.004" errors="0">
  <testcase name="S001_Login_TC001_Register_With_Valid_Information" time="72.887" classname="Common.S001_Login">
    <failure type="java.lang.ArrayIndexOutOfBoundsException" message="1">
      <![CDATA[java.lang.ArrayIndexOutOfBoundsException: 1
	at page.MyAccountPage.getCustomerLastNameInBillingShippingInformation(MyAccountPage.java:81)
	at Common.S001_Login.S001_Login_TC001_Register_With_Valid_Information(S001_Login.java:103)
... Removed 24 stack frames]]>
    </failure>
  </testcase> <!-- S001_Login_TC001_Register_With_Valid_Information -->
</testsuite> <!-- Run on Chrome -->
