<?xml version="1.0" encoding="UTF-8"?>
<!-- Generated by org.testng.reporters.JUnitXMLReporter -->
<testsuite hostname="ToanTranS-MacBook-Air.local" name="Run on Safari" tests="2" failures="1" timestamp="12 Jul 2017 10:15:33 GMT" time="0.314" errors="0">
  <testcase name="@BeforeClass setUp" time="0.0" classname="Common.S001_Login">
    <failure type="java.lang.NullPointerException">
      <![CDATA[java.lang.NullPointerException
	at common.BrowserManager.openBrowser(BrowserManager.java:40)
	at common.AbstractTest.openBrowser(AbstractTest.java:112)
	at Common.S001_Login.setUp(S001_Login.java:17)
... Removed 24 stack frames]]>
    </failure>
  </testcase> <!-- @BeforeClass setUp -->
  <testcase name="f" time="0.004" classname="Common.S001_Login">
    <skipped/>
  </testcase> <!-- f -->
  <testcase name="f" time="0.01" classname="Common.S001_Login">
    <failure type="java.lang.NullPointerException">
      <![CDATA[java.lang.NullPointerException
	at java.util.regex.Matcher.getTextLength(Matcher.java:1283)
	at java.util.regex.Matcher.reset(Matcher.java:309)
	at java.util.regex.Matcher.<init>(Matcher.java:229)
	at java.util.regex.Pattern.matcher(Pattern.java:1093)
	at com.aventstack.extentreports.utils.ExceptionUtil.getExceptionHeadline(ExceptionUtil.java:25)
	at com.aventstack.extentreports.ExtentTest.log(ExtentTest.java:399)
	at com.aventstack.extentreports.ExtentTest.skip(ExtentTest.java:943)
	at com.aventstack.extentreports.ExtentTest.skip(ExtentTest.java:955)
	at common.ExtentTestNGITestListener.onTestSkipped(ExtentTestNGITestListener.java:51)
... Removed 21 stack frames]]>
    </failure>
  </testcase> <!-- f -->
</testsuite> <!-- Run on Safari -->
