<?xml version="1.0" encoding="UTF-8"?>
<testng-results skipped="0" failed="1" total="1" passed="0">
  <reporter-output>
    <line>
      <![CDATA[2017-07-14 17:18:47,719 INFO  S001_Login - Step 01: Click Login Drop
]]>
    </line>
    <line>
      <![CDATA[2017-07-14 17:18:48,170 INFO  S001_Login - Step 02: Click 'Not yet registered?' button
]]>
    </line>
    <line>
      <![CDATA[2017-07-14 17:18:58,330 INFO  S001_Login - VP 01. Is 'Register' header displayed
]]>
    </line>
    <line>
      <![CDATA[2017-07-14 17:18:58,477 INFO  S001_Login - Step 04: Input First Name
]]>
    </line>
    <line>
      <![CDATA[2017-07-14 17:18:59,979 INFO  S001_Login - Step 05: Input Last Name
]]>
    </line>
    <line>
      <![CDATA[2017-07-14 17:19:01,355 INFO  S001_Login - Step 06: Select Genre
]]>
    </line>
    <line>
      <![CDATA[2017-07-14 17:19:02,571 INFO  S001_Login - Step 07: Select Country
]]>
    </line>
    <line>
      <![CDATA[2017-07-14 17:19:03,793 INFO  S001_Login - Step 08: Input State
]]>
    </line>
    <line>
      <![CDATA[2017-07-14 17:19:15,309 INFO  S001_Login - Step 09: Input Email Address
]]>
    </line>
    <line>
      <![CDATA[2017-07-14 17:19:17,047 INFO  S001_Login - Step 10: Input username
]]>
    </line>
    <line>
      <![CDATA[2017-07-14 17:19:18,655 INFO  S001_Login - Step 11: Input Password
]]>
    </line>
    <line>
      <![CDATA[2017-07-14 17:19:20,038 INFO  S001_Login - Step 12: Input repeat password
]]>
    </line>
    <line>
      <![CDATA[2017-07-14 17:19:21,379 INFO  S001_Login - Step 13: Click Submit Register button
]]>
    </line>
    <line>
      <![CDATA[2017-07-14 17:19:34,648 INFO  S001_Login - VP 02. Is My Account Header Displayed
]]>
    </line>
    <line>
      <![CDATA[2017-07-14 17:19:34,805 INFO  S001_Login - Step 14: Click My Account Information link
]]>
    </line>
    <line>
      <![CDATA[2017-07-14 17:19:47,307 INFO  S001_Login - VP 03. Verify Email, FirstName, LastName, Gender are the same as registered
]]>
    </line>
    <line>
      <![CDATA[2017-07-14 17:19:47,427 INFO  S001_Login - ==Verify condition is PASSED==
]]>
    </line>
    <line>
      <![CDATA[2017-07-14 17:19:47,553 INFO  S001_Login - ==Verify condition is PASSED==
]]>
    </line>
    <line>
      <![CDATA[2017-07-14 17:19:47,647 INFO  S001_Login - ==Verify condition is PASSED==
]]>
    </line>
    <line>
      <![CDATA[2017-07-14 17:19:47,736 INFO  S001_Login - ==Verify condition is PASSED==
]]>
    </line>
    <line>
      <![CDATA[2017-07-14 17:19:47,737 INFO  S001_Login - Step 15: Click Billing & Shipping Information link
]]>
    </line>
    <line>
      <![CDATA[2017-07-14 17:20:00,353 INFO  S001_Login - VP 04. Verify Customer First Name, Customer Last Name, Country, State are the same as registered
]]>
    </line>
    <line>
      <![CDATA[2017-07-14 17:20:00,500 INFO  S001_Login - ==Verify condition is FAILED==
]]>
    </line>
  </reporter-output>
  <suite name="Suite" duration-ms="167004" started-at="2017-07-14T10:17:13Z" finished-at="2017-07-14T10:20:00Z">
    <groups>
    </groups>
    <test name="Run on Chrome" duration-ms="167004" started-at="2017-07-14T10:17:13Z" finished-at="2017-07-14T10:20:00Z">
      <class name="Common.S001_Login">
        <test-method status="PASS" signature="setUp(java.lang.String)[pri:0, instance:Common.S001_Login@174f0d06]" name="setUp" is-config="true" duration-ms="93695" started-at="2017-07-14T17:17:13Z" finished-at="2017-07-14T17:18:47Z">
          <params>
            <param index="0">
              <value>
                <![CDATA[chrome]]>
              </value>
            </param>
          </params>
          <reporter-output>
          </reporter-output>
        </test-method> <!-- setUp -->
        <test-method status="FAIL" signature="S001_Login_TC001_Register_With_Valid_Information()[pri:0, instance:Common.S001_Login@174f0d06]" name="S001_Login_TC001_Register_With_Valid_Information" duration-ms="72887" started-at="2017-07-14T17:18:47Z" finished-at="2017-07-14T17:20:00Z">
          <exception class="java.lang.ArrayIndexOutOfBoundsException">
            <message>
              <![CDATA[1]]>
            </message>
            <full-stacktrace>
              <![CDATA[java.lang.ArrayIndexOutOfBoundsException: 1
	at page.MyAccountPage.getCustomerLastNameInBillingShippingInformation(MyAccountPage.java:81)
	at Common.S001_Login.S001_Login_TC001_Register_With_Valid_Information(S001_Login.java:103)
	at sun.reflect.NativeMethodAccessorImpl.invoke0(Native Method)
	at sun.reflect.NativeMethodAccessorImpl.invoke(NativeMethodAccessorImpl.java:62)
	at sun.reflect.DelegatingMethodAccessorImpl.invoke(DelegatingMethodAccessorImpl.java:43)
	at java.lang.reflect.Method.invoke(Method.java:498)
	at org.testng.internal.MethodInvocationHelper.invokeMethod(MethodInvocationHelper.java:86)
	at org.testng.internal.Invoker.invokeMethod(Invoker.java:643)
	at org.testng.internal.Invoker.invokeTestMethod(Invoker.java:820)
	at org.testng.internal.Invoker.invokeTestMethods(Invoker.java:1128)
	at org.testng.internal.TestMethodWorker.invokeTestMethods(TestMethodWorker.java:129)
	at org.testng.internal.TestMethodWorker.run(TestMethodWorker.java:112)
	at org.testng.TestRunner.privateRun(TestRunner.java:782)
	at org.testng.TestRunner.run(TestRunner.java:632)
	at org.testng.SuiteRunner.runTest(SuiteRunner.java:366)
	at org.testng.SuiteRunner.runSequentially(SuiteRunner.java:361)
	at org.testng.SuiteRunner.privateRun(SuiteRunner.java:319)
	at org.testng.SuiteRunner.run(SuiteRunner.java:268)
	at org.testng.SuiteRunnerWorker.runSuite(SuiteRunnerWorker.java:52)
	at org.testng.SuiteRunnerWorker.run(SuiteRunnerWorker.java:86)
	at org.testng.TestNG.runSuitesSequentially(TestNG.java:1244)
	at org.testng.TestNG.runSuitesLocally(TestNG.java:1169)
	at org.testng.TestNG.run(TestNG.java:1064)
	at org.testng.remote.RemoteTestNG.run(RemoteTestNG.java:113)
	at org.testng.remote.RemoteTestNG.initAndRun(RemoteTestNG.java:206)
	at org.testng.remote.RemoteTestNG.main(RemoteTestNG.java:177)
]]>
            </full-stacktrace>
          </exception> <!-- java.lang.ArrayIndexOutOfBoundsException -->
          <reporter-output>
            <line>
              <![CDATA[2017-07-14 17:18:47,719 INFO  S001_Login - Step 01: Click Login Drop
]]>
            </line>
            <line>
              <![CDATA[2017-07-14 17:18:48,170 INFO  S001_Login - Step 02: Click 'Not yet registered?' button
]]>
            </line>
            <line>
              <![CDATA[2017-07-14 17:18:58,330 INFO  S001_Login - VP 01. Is 'Register' header displayed
]]>
            </line>
            <line>
              <![CDATA[2017-07-14 17:18:58,477 INFO  S001_Login - Step 04: Input First Name
]]>
            </line>
            <line>
              <![CDATA[2017-07-14 17:18:59,979 INFO  S001_Login - Step 05: Input Last Name
]]>
            </line>
            <line>
              <![CDATA[2017-07-14 17:19:01,355 INFO  S001_Login - Step 06: Select Genre
]]>
            </line>
            <line>
              <![CDATA[2017-07-14 17:19:02,571 INFO  S001_Login - Step 07: Select Country
]]>
            </line>
            <line>
              <![CDATA[2017-07-14 17:19:03,793 INFO  S001_Login - Step 08: Input State
]]>
            </line>
            <line>
              <![CDATA[2017-07-14 17:19:15,309 INFO  S001_Login - Step 09: Input Email Address
]]>
            </line>
            <line>
              <![CDATA[2017-07-14 17:19:17,047 INFO  S001_Login - Step 10: Input username
]]>
            </line>
            <line>
              <![CDATA[2017-07-14 17:19:18,655 INFO  S001_Login - Step 11: Input Password
]]>
            </line>
            <line>
              <![CDATA[2017-07-14 17:19:20,038 INFO  S001_Login - Step 12: Input repeat password
]]>
            </line>
            <line>
              <![CDATA[2017-07-14 17:19:21,379 INFO  S001_Login - Step 13: Click Submit Register button
]]>
            </line>
            <line>
              <![CDATA[2017-07-14 17:19:34,648 INFO  S001_Login - VP 02. Is My Account Header Displayed
]]>
            </line>
            <line>
              <![CDATA[2017-07-14 17:19:34,805 INFO  S001_Login - Step 14: Click My Account Information link
]]>
            </line>
            <line>
              <![CDATA[2017-07-14 17:19:47,307 INFO  S001_Login - VP 03. Verify Email, FirstName, LastName, Gender are the same as registered
]]>
            </line>
            <line>
              <![CDATA[2017-07-14 17:19:47,427 INFO  S001_Login - ==Verify condition is PASSED==
]]>
            </line>
            <line>
              <![CDATA[2017-07-14 17:19:47,553 INFO  S001_Login - ==Verify condition is PASSED==
]]>
            </line>
            <line>
              <![CDATA[2017-07-14 17:19:47,647 INFO  S001_Login - ==Verify condition is PASSED==
]]>
            </line>
            <line>
              <![CDATA[2017-07-14 17:19:47,736 INFO  S001_Login - ==Verify condition is PASSED==
]]>
            </line>
            <line>
              <![CDATA[2017-07-14 17:19:47,737 INFO  S001_Login - Step 15: Click Billing & Shipping Information link
]]>
            </line>
            <line>
              <![CDATA[2017-07-14 17:20:00,353 INFO  S001_Login - VP 04. Verify Customer First Name, Customer Last Name, Country, State are the same as registered
]]>
            </line>
            <line>
              <![CDATA[2017-07-14 17:20:00,500 INFO  S001_Login - ==Verify condition is FAILED==
]]>
            </line>
          </reporter-output>
        </test-method> <!-- S001_Login_TC001_Register_With_Valid_Information -->
        <test-method status="PASS" signature="tearsDown()[pri:0, instance:Common.S001_Login@174f0d06]" name="tearsDown" is-config="true" duration-ms="302" started-at="2017-07-14T17:20:00Z" finished-at="2017-07-14T17:20:00Z">
          <reporter-output>
          </reporter-output>
        </test-method> <!-- tearsDown -->
      </class> <!-- Common.S001_Login -->
    </test> <!-- Run on Chrome -->
  </suite> <!-- Suite -->
</testng-results>
