<?xml version="1.0" encoding="UTF-8"?>
<!-- Generated by org.testng.reporters.JUnitXMLReporter -->
<testsuite hostname="QuocBao" name="Default test" tests="31" failures="0" timestamp="22 May 2017 02:44:34 GMT" time="0.091" errors="0">
  <testcase name="@BeforeClass setup" time="0.0" classname="Login.LoginTest">
    <failure type="org.testng.TestNGException" message="
Parameter &amp;apos;browser&amp;apos; is required by @Configuration on method setup but has not been marked @Optional or defined
in C:\Users\AsianTech\AppData\Local\Temp\testng-eclipse--1019941728\testng-customsuite.xml">
      <![CDATA[org.testng.TestNGException: 
Parameter 'browser' is required by @Configuration on method setup but has not been marked @Optional or defined
in C:\Users\AsianTech\AppData\Local\Temp\testng-eclipse--1019941728\testng-customsuite.xml
	at org.testng.internal.Parameters.createParameters(Parameters.java:155)
	at org.testng.internal.Parameters.createParameters(Parameters.java:355)
	at org.testng.internal.Parameters.createConfigurationParameters(Parameters.java:86)
	at org.testng.internal.Invoker.invokeConfigurations(Invoker.java:199)
	at org.testng.internal.Invoker.invokeConfigurations(Invoker.java:138)
	at org.testng.internal.TestMethodWorker.invokeBeforeClassMethods(TestMethodWorker.java:175)
	at org.testng.internal.TestMethodWorker.run(TestMethodWorker.java:107)
	at org.testng.TestRunner.privateRun(TestRunner.java:767)
	at org.testng.TestRunner.run(TestRunner.java:617)
	at org.testng.SuiteRunner.runTest(SuiteRunner.java:334)
	at org.testng.SuiteRunner.runSequentially(SuiteRunner.java:329)
	at org.testng.SuiteRunner.privateRun(SuiteRunner.java:291)
	at org.testng.SuiteRunner.run(SuiteRunner.java:240)
	at org.testng.SuiteRunnerWorker.runSuite(SuiteRunnerWorker.java:52)
	at org.testng.SuiteRunnerWorker.run(SuiteRunnerWorker.java:86)
	at org.testng.TestNG.runSuitesSequentially(TestNG.java:1198)
	at org.testng.TestNG.runSuitesLocally(TestNG.java:1123)
	at org.testng.TestNG.run(TestNG.java:1031)
	at org.testng.remote.RemoteTestNG.run(RemoteTestNG.java:115)
	at org.testng.remote.RemoteTestNG.initAndRun(RemoteTestNG.java:207)
	at org.testng.remote.RemoteTestNG.main(RemoteTestNG.java:178)
]]>
    </failure>
  </testcase> <!-- @BeforeClass setup -->
  <testcase name="@AfterClass afterClass" time="0.0" classname="Login.LoginTest">
    <skipped/>
  </testcase> <!-- @AfterClass afterClass -->
  <testcase name="TC_002_Title_Login_Screen" time="0.005" classname="Login.LoginTest">
    <skipped/>
  </testcase> <!-- TC_002_Title_Login_Screen -->
  <testcase name="TC_003_No_ID_and_No_Password" time="0.001" classname="Login.LoginTest">
    <skipped/>
  </testcase> <!-- TC_003_No_ID_and_No_Password -->
  <testcase name="TC_004_Vaid_ID_and_No_Password" time="0.003" classname="Login.LoginTest">
    <skipped/>
  </testcase> <!-- TC_004_Vaid_ID_and_No_Password -->
  <testcase name="TC_005_No_ID_and_Valid_Password" time="0.0" classname="Login.LoginTest">
    <skipped/>
  </testcase> <!-- TC_005_No_ID_and_Valid_Password -->
  <testcase name="TC_006_Invaid_ID_and_No_Password" time="0.001" classname="Login.LoginTest">
    <skipped/>
  </testcase> <!-- TC_006_Invaid_ID_and_No_Password -->
  <testcase name="TC_007_No_ID_and_Invalid_Password" time="0.0" classname="Login.LoginTest">
    <skipped/>
  </testcase> <!-- TC_007_No_ID_and_Invalid_Password -->
  <testcase name="TC_008_Valid_ID_and_Invalid_Password" time="0.001" classname="Login.LoginTest">
    <skipped/>
  </testcase> <!-- TC_008_Valid_ID_and_Invalid_Password -->
  <testcase name="TC_009_Invalid_ID_and_Valid_Password" time="0.001" classname="Login.LoginTest">
    <skipped/>
  </testcase> <!-- TC_009_Invalid_ID_and_Valid_Password -->
  <testcase name="TC_010_Invalid_ID_and_Invalid_Password" time="0.001" classname="Login.LoginTest">
    <skipped/>
  </testcase> <!-- TC_010_Invalid_ID_and_Invalid_Password -->
  <testcase name="TC_011_Valid_ID_and_Valid_Password" time="0.0" classname="Login.LoginTest">
    <skipped/>
  </testcase> <!-- TC_011_Valid_ID_and_Valid_Password -->
  <testcase name="TC_017_Check_Forgot_Pwd_function" time="0.0" classname="Login.LoginTest">
    <skipped/>
  </testcase> <!-- TC_017_Check_Forgot_Pwd_function -->
  <testcase name="TC_018_LogIn_AdminAccount" time="0.001" classname="Login.LoginTest">
    <skipped/>
  </testcase> <!-- TC_018_LogIn_AdminAccount -->
  <testcase name="TC_019_LogIn_CompnayAccount" time="0.001" classname="Login.LoginTest">
    <skipped/>
  </testcase> <!-- TC_019_LogIn_CompnayAccount -->
  <testcase name="TC_020_LogIn_BranchAccount" time="0.0" classname="Login.LoginTest">
    <skipped/>
  </testcase> <!-- TC_020_LogIn_BranchAccount -->
  <testcase name="TC_021_LogIn_AgentAccount" time="0.0" classname="Login.LoginTest">
    <skipped/>
  </testcase> <!-- TC_021_LogIn_AgentAccount -->
  <testcase name="TC_026_ForgotPwd_Without_Email" time="0.0" classname="Login.LoginTest">
    <skipped/>
  </testcase> <!-- TC_026_ForgotPwd_Without_Email -->
  <testcase name="TC_027_ForgotPwd_Invalid_Email" time="0.001" classname="Login.LoginTest">
    <skipped/>
  </testcase> <!-- TC_027_ForgotPwd_Invalid_Email -->
  <testcase name="TC_028_ForgotPwd_Valid_Email" time="0.0" classname="Login.LoginTest">
    <skipped/>
  </testcase> <!-- TC_028_ForgotPwd_Valid_Email -->
  <testcase name="TC_029_ForgotPwd_Reset_Register_Email" time="0.001" classname="Login.LoginTest">
    <skipped/>
  </testcase> <!-- TC_029_ForgotPwd_Reset_Register_Email -->
  <testcase name="TC_030_ForgotPwd_Unregister_Email" time="0.0" classname="Login.LoginTest">
    <skipped/>
  </testcase> <!-- TC_030_ForgotPwd_Unregister_Email -->
  <testcase name="TC_033_Check_Cancel_Button" time="0.001" classname="Login.LoginTest">
    <skipped/>
  </testcase> <!-- TC_033_Check_Cancel_Button -->
  <testcase name="TC_034_RestPwd_with_validPwd" time="0.0" classname="Login.LoginTest">
    <skipped/>
  </testcase> <!-- TC_034_RestPwd_with_validPwd -->
  <testcase name="TC_035_RestPwd_with_InvalidPwd" time="0.001" classname="Login.LoginTest">
    <skipped/>
  </testcase> <!-- TC_035_RestPwd_with_InvalidPwd -->
  <testcase name="TC_036_Reset_Pwd_without_Input" time="0.001" classname="Login.LoginTest">
    <skipped/>
  </testcase> <!-- TC_036_Reset_Pwd_without_Input -->
  <testcase name="TC_038_Reset_Pwd_with_ValidPwd" time="0.0" classname="Login.LoginTest">
    <skipped/>
  </testcase> <!-- TC_038_Reset_Pwd_with_ValidPwd -->
  <testcase name="TC_039_Reset_Pwd_with_ValidValue_2times" time="0.0" classname="Login.LoginTest">
    <skipped/>
  </testcase> <!-- TC_039_Reset_Pwd_with_ValidValue_2times -->
  <testcase name="TC_040_Reset_Pwd_with_Pwdlessthan8cha" time="0.001" classname="Login.LoginTest">
    <skipped/>
  </testcase> <!-- TC_040_Reset_Pwd_with_Pwdlessthan8cha -->
  <testcase name="TC_041_Reset_Pwd_with_ValidPwd" time="0.0" classname="Login.LoginTest">
    <skipped/>
  </testcase> <!-- TC_041_Reset_Pwd_with_ValidPwd -->
  <testcase name="TC_042_Reset_Pwd_with_Pwdmorethan15cha" time="0.0" classname="Login.LoginTest">
    <skipped/>
  </testcase> <!-- TC_042_Reset_Pwd_with_Pwdmorethan15cha -->
  <testcase name="TC_043_Reset_Pwd_with_PwdisNotSame" time="0.001" classname="Login.LoginTest">
    <skipped/>
  </testcase> <!-- TC_043_Reset_Pwd_with_PwdisNotSame -->
  <testcase name="TC_044_Reset_Pwd_with_PwdisSame" time="0.0" classname="Login.LoginTest">
    <skipped/>
  </testcase> <!-- TC_044_Reset_Pwd_with_PwdisSame -->
</testsuite> <!-- Default test -->
